<?xml version="1.0" encoding="UTF-8"?>
<!-- Generated by org.testng.reporters.JUnitReportReporter -->
<testsuite hostname="IN-JL1D5S3" failures="0" tests="1" name="tests.TestAddToCart" time="10.446" errors="0" timestamp="2024-06-17T23:21:25 IST" skipped="0">
  <testcase classname="tests.TestAddToCart" name="testAddToCart" time="10.446"/>
  <system-out/>
</testsuite> <!-- tests.TestAddToCart -->
