<?xml version="1.0" encoding="UTF-8"?>
<!-- Generated by org.testng.reporters.JUnitReportReporter -->
<testsuite hostname="IN-JL1D5S3" failures="0" tests="1" name="tests.TestNotificationPage" time="2.319" errors="0" timestamp="2024-06-17T18:08:41 IST" skipped="0">
  <testcase classname="tests.TestNotificationPage" name="testValidPin" time="2.319"/>
  <system-out/>
</testsuite> <!-- tests.TestNotificationPage -->
