<?xml version="1.0" encoding="UTF-8"?>
<!-- Generated by org.testng.reporters.JUnitReportReporter -->
<testsuite hostname="IN-JL1D5S3" failures="0" tests="1" name="tests.TestProdRating" time="12.720" errors="0" timestamp="2024-06-17T22:08:26 IST" skipped="0">
  <testcase classname="tests.TestProdRating" name="testProductRating" time="12.720"/>
  <system-out/>
</testsuite> <!-- tests.TestProdRating -->
