<?xml version="1.0" encoding="UTF-8"?>
<!-- Generated by org.testng.reporters.JUnitReportReporter -->
<testsuite hostname="IN-JL1D5S3" failures="0" tests="3" name="tests.TestSocialHandles" time="40.809" errors="0" timestamp="2024-06-17T18:52:12 IST" skipped="0">
  <testcase classname="tests.TestSocialHandles" name="testYTHandle" time="10.457"/>
  <system-out/>
  <testcase classname="tests.TestSocialHandles" name="testXHandle" time="16.756"/>
  <system-out/>
  <testcase classname="tests.TestSocialHandles" name="testFBHandle" time="13.596"/>
  <system-out/>
</testsuite> <!-- tests.TestSocialHandles -->
