<?xml version="1.0" encoding="UTF-8"?>
<!-- Generated by org.testng.reporters.JUnitReportReporter -->
<testsuite hostname="IN-JL1D5S3" failures="0" tests="1" name="tests.TestCustomerCare" time="4.126" errors="0" timestamp="2024-06-17T18:08:41 IST" skipped="0">
  <testcase classname="tests.TestCustomerCare" name="testValidPin" time="4.126"/>
  <system-out/>
</testsuite> <!-- tests.TestCustomerCare -->
