<?xml version="1.0" encoding="UTF-8"?>
<!-- Generated by org.testng.reporters.JUnitReportReporter -->
<testsuite hostname="IN-JL1D5S3" failures="0" tests="1" name="tests.TestProdRating" time="13.121" errors="0" timestamp="2024-06-17T23:31:18 IST" skipped="0">
  <testcase classname="tests.TestProdRating" name="testProductRating" time="13.121"/>
  <system-out/>
</testsuite> <!-- tests.TestProdRating -->
