<?xml version="1.0" encoding="UTF-8"?>
<!-- Generated by org.testng.reporters.JUnitReportReporter -->
<testsuite hostname="IN-JL1D5S3" failures="0" tests="1" name="tests.TestSocialHandles" time="10.662" errors="0" timestamp="2024-06-17T22:10:00 IST" skipped="0">
  <testcase classname="tests.TestSocialHandles" name="testXHandle" time="10.662"/>
  <system-out/>
</testsuite> <!-- tests.TestSocialHandles -->
