<?xml version="1.0" encoding="UTF-8"?>
<!-- Generated by org.testng.reporters.JUnitReportReporter -->
<testsuite hostname="IN-JL1D5S3" failures="0" tests="1" name="tests.TestNotificationPage" time="7.615" errors="0" timestamp="2024-06-17T23:42:05 IST" skipped="0">
  <testcase classname="tests.TestNotificationPage" name="testNotifPage" time="7.615"/>
  <system-out/>
</testsuite> <!-- tests.TestNotificationPage -->
