<?xml version="1.0" encoding="UTF-8"?>
<!-- Generated by org.testng.reporters.JUnitReportReporter -->
<testsuite hostname="IN-JL1D5S3" failures="0" tests="1" name="tests.TestPincode" time="12.350" errors="0" timestamp="2024-06-17T22:07:38 IST" skipped="0">
  <testcase classname="tests.TestPincode" name="testValidPin" time="12.350"/>
  <system-out/>
</testsuite> <!-- tests.TestPincode -->
